<?xml version="1.0" encoding="UTF-8"?>
<robot generator="Robot 6.0 (Python 3.10.7 on win32)" generated="20230615 22:14:42.815" rpa="false" schemaversion="3">
<suite id="s1" name="Login Test" source="D:\QC\Automation\Robot-Framework\aph-web-automation\tests\login_test.robot">
<test id="s1-t1" name="Valid Login" line="16">
<kw name="Open Login Page Using Chrome Browser" library="resource" type="SETUP">
<kw name="Open Browser" library="SeleniumLibrary">
<arg>${LOGIN_PAGE}</arg>
<arg>Chrome</arg>
<arg>options=add_argument("--ignore-certificate-errors")</arg>
<doc>Opens a new browser instance to the optional ``url``.</doc>
<msg timestamp="20230615 22:14:43.163" level="INFO">Opening browser 'Chrome' to base url 'http://192.168.10.169/login'.</msg>
<msg timestamp="20230615 22:15:28.072" level="INFO" html="true">&lt;/td&gt;&lt;/tr&gt;&lt;tr&gt;&lt;td colspan="3"&gt;&lt;a href="selenium-screenshot-7.png"&gt;&lt;img src="selenium-screenshot-7.png" width="800px"&gt;&lt;/a&gt;</msg>
<msg timestamp="20230615 22:15:28.074" level="FAIL">WebDriverException: Message: unknown error: net::ERR_CONNECTION_TIMED_OUT
  (Session info: chrome=114.0.5735.133)
Stacktrace:
Backtrace:
	GetHandleVerifier [0x00D6A813+48355]
	(No symbol) [0x00CFC4B1]
	(No symbol) [0x00C05358]
	(No symbol) [0x00C01B33]
	(No symbol) [0x00BF8CA5]
	(No symbol) [0x00BF9D0A]
	(No symbol) [0x00BF9003]
	(No symbol) [0x00BF8355]
	(No symbol) [0x00BF82EC]
	(No symbol) [0x00BF6F26]
	(No symbol) [0x00BF7688]
	(No symbol) [0x00C06B52]
	(No symbol) [0x00C5CF01]
	(No symbol) [0x00C4A73C]
	(No symbol) [0x00C5C922]
	(No symbol) [0x00C4A536]
	(No symbol) [0x00C282DC]
	(No symbol) [0x00C293DD]
	GetHandleVerifier [0x00FCAABD+2539405]
	GetHandleVerifier [0x0100A78F+2800735]
	GetHandleVerifier [0x0100456C+2775612]
	GetHandleVerifier [0x00DF51E0+616112]
	(No symbol) [0x00D05F8C]
	(No symbol) [0x00D02328]
	(No symbol) [0x00D0240B]
	(No symbol) [0x00CF4FF7]
	BaseThreadInitThunk [0x75967D59+25]
	RtlInitializeExceptionChain [0x7724B74B+107]
	RtlClearBits [0x7724B6CF+191]
</msg>
<status status="FAIL" starttime="20230615 22:14:43.151" endtime="20230615 22:15:28.193"/>
</kw>
<kw name="Maximize Browser Window" library="SeleniumLibrary">
<doc>Maximizes current browser window.</doc>
<status status="NOT RUN" starttime="20230615 22:15:28.193" endtime="20230615 22:15:28.193"/>
</kw>
<status status="FAIL" starttime="20230615 22:14:43.151" endtime="20230615 22:15:28.193"/>
</kw>
<kw name="Close Browser" library="SeleniumLibrary" type="TEARDOWN">
<doc>Closes the current browser.</doc>
<status status="PASS" starttime="20230615 22:15:28.193" endtime="20230615 22:15:30.637"/>
</kw>
<status status="FAIL" starttime="20230615 22:14:43.151" endtime="20230615 22:15:30.637">Setup failed:
WebDriverException: Message: unknown error: net::ERR_CONNECTION_TIMED_OUT
  (Session info: chrome=114.0.5735.133)
Stacktrace:
Backtrace:
	GetHandleVerifier [0x00D6A813+48355]
	(No symbol) [0x00CFC4B1]
	(No symbol) [0x00C05358]
	(No symbol) [0x00C01B33]
	(No symbol) [0x00BF8CA5]
	(No symbol) [0x00BF9D0A]
	(No symbol) [0x00BF9003]
	(No symbol) [0x00BF8355]
	(No symbol) [0x00BF82EC]
	(No symbol) [0x00BF6F26]
	(No symbol) [0x00BF7688]
	(No symbol) [0x00C06B52]
	(No symbol) [0x00C5CF01]
	(No symbol) [0x00C4A73C]
	(No symbol) [0x00C5C922]
	(No symbol) [0x00C4A536]
	(No symbol) [0x00C282DC]
	(No symbol) [0x00C293DD]
	GetHandleVerifier [0x00FCAABD+2539405]
	GetHandleVerifier [0x0100A78F+2800735]
	GetHandleVerifier [0x0100456C+2775612]
	GetHandleVerifier [0x00DF51E0+616112]
	(No symbol) [0x00D05F8C]
	(No symbol) [0x00D02328]
	(No symbol) [0x00D0240B]
	(No symbol) [0x00CF4FF7]
	BaseThreadInitThunk [0x75967D59+25]
	RtlInitializeExceptionChain [0x7724B74B+107]
	RtlClearBits [0x7724B6CF+191]
</status>
</test>
<test id="s1-t2" name="Invalid Login" line="21">
<kw name="Open Login Page Using Chrome Browser" library="resource" type="SETUP">
<kw name="Open Browser" library="SeleniumLibrary">
<arg>${LOGIN_PAGE}</arg>
<arg>Chrome</arg>
<arg>options=add_argument("--ignore-certificate-errors")</arg>
<doc>Opens a new browser instance to the optional ``url``.</doc>
<msg timestamp="20230615 22:15:30.654" level="INFO">Opening browser 'Chrome' to base url 'http://192.168.10.169/login'.</msg>
<msg timestamp="20230615 22:16:14.925" level="INFO" html="true">&lt;/td&gt;&lt;/tr&gt;&lt;tr&gt;&lt;td colspan="3"&gt;&lt;a href="selenium-screenshot-8.png"&gt;&lt;img src="selenium-screenshot-8.png" width="800px"&gt;&lt;/a&gt;</msg>
<msg timestamp="20230615 22:16:14.925" level="FAIL">WebDriverException: Message: unknown error: net::ERR_CONNECTION_TIMED_OUT
  (Session info: chrome=114.0.5735.133)
Stacktrace:
Backtrace:
	GetHandleVerifier [0x00D6A813+48355]
	(No symbol) [0x00CFC4B1]
	(No symbol) [0x00C05358]
	(No symbol) [0x00C01B33]
	(No symbol) [0x00BF8CA5]
	(No symbol) [0x00BF9D0A]
	(No symbol) [0x00BF9003]
	(No symbol) [0x00BF8355]
	(No symbol) [0x00BF82EC]
	(No symbol) [0x00BF6F26]
	(No symbol) [0x00BF7688]
	(No symbol) [0x00C06B52]
	(No symbol) [0x00C5CF01]
	(No symbol) [0x00C4A73C]
	(No symbol) [0x00C5C922]
	(No symbol) [0x00C4A536]
	(No symbol) [0x00C282DC]
	(No symbol) [0x00C293DD]
	GetHandleVerifier [0x00FCAABD+2539405]
	GetHandleVerifier [0x0100A78F+2800735]
	GetHandleVerifier [0x0100456C+2775612]
	GetHandleVerifier [0x00DF51E0+616112]
	(No symbol) [0x00D05F8C]
	(No symbol) [0x00D02328]
	(No symbol) [0x00D0240B]
	(No symbol) [0x00CF4FF7]
	BaseThreadInitThunk [0x75967D59+25]
	RtlInitializeExceptionChain [0x7724B74B+107]
	RtlClearBits [0x7724B6CF+191]
</msg>
<status status="FAIL" starttime="20230615 22:15:30.637" endtime="20230615 22:16:14.925"/>
</kw>
<kw name="Maximize Browser Window" library="SeleniumLibrary">
<doc>Maximizes current browser window.</doc>
<status status="NOT RUN" starttime="20230615 22:16:14.925" endtime="20230615 22:16:14.933"/>
</kw>
<status status="FAIL" starttime="20230615 22:15:30.637" endtime="20230615 22:16:14.934"/>
</kw>
<kw name="Close Browser" library="SeleniumLibrary" type="TEARDOWN">
<doc>Closes the current browser.</doc>
<status status="PASS" starttime="20230615 22:16:14.934" endtime="20230615 22:16:17.283"/>
</kw>
<status status="FAIL" starttime="20230615 22:15:30.637" endtime="20230615 22:16:17.283">Setup failed:
WebDriverException: Message: unknown error: net::ERR_CONNECTION_TIMED_OUT
  (Session info: chrome=114.0.5735.133)
Stacktrace:
Backtrace:
	GetHandleVerifier [0x00D6A813+48355]
	(No symbol) [0x00CFC4B1]
	(No symbol) [0x00C05358]
	(No symbol) [0x00C01B33]
	(No symbol) [0x00BF8CA5]
	(No symbol) [0x00BF9D0A]
	(No symbol) [0x00BF9003]
	(No symbol) [0x00BF8355]
	(No symbol) [0x00BF82EC]
	(No symbol) [0x00BF6F26]
	(No symbol) [0x00BF7688]
	(No symbol) [0x00C06B52]
	(No symbol) [0x00C5CF01]
	(No symbol) [0x00C4A73C]
	(No symbol) [0x00C5C922]
	(No symbol) [0x00C4A536]
	(No symbol) [0x00C282DC]
	(No symbol) [0x00C293DD]
	GetHandleVerifier [0x00FCAABD+2539405]
	GetHandleVerifier [0x0100A78F+2800735]
	GetHandleVerifier [0x0100456C+2775612]
	GetHandleVerifier [0x00DF51E0+616112]
	(No symbol) [0x00D05F8C]
	(No symbol) [0x00D02328]
	(No symbol) [0x00D0240B]
	(No symbol) [0x00CF4FF7]
	BaseThreadInitThunk [0x75967D59+25]
	RtlInitializeExceptionChain [0x7724B74B+107]
	RtlClearBits [0x7724B6CF+191]
</status>
</test>
<test id="s1-t3" name="Empty Credentials" line="27">
<kw name="Open Login Page Using Chrome Browser" library="resource" type="SETUP">
<kw name="Open Browser" library="SeleniumLibrary">
<arg>${LOGIN_PAGE}</arg>
<arg>Chrome</arg>
<arg>options=add_argument("--ignore-certificate-errors")</arg>
<doc>Opens a new browser instance to the optional ``url``.</doc>
<msg timestamp="20230615 22:16:17.299" level="INFO">Opening browser 'Chrome' to base url 'http://192.168.10.169/login'.</msg>
<status status="PASS" starttime="20230615 22:16:17.283" endtime="20230615 22:16:54.187"/>
</kw>
<kw name="Maximize Browser Window" library="SeleniumLibrary">
<doc>Maximizes current browser window.</doc>
<msg timestamp="20230615 22:16:54.193" level="WARN">Keyword 'Capture Page Screenshot' could not be run on failure: Message: no such window: target window already closed
from unknown error: web view not found
  (Session info: chrome=114.0.5735.133)
Stacktrace:
Backtrace:
	GetHandleVerifier [0x00D6A813+48355]
	(No symbol) [0x00CFC4B1]
	(No symbol) [0x00C05358]
	(No symbol) [0x00BED293]
	(No symbol) [0x00C4E37B]
	(No symbol) [0x00C5C473]
	(No symbol) [0x00C4A536]
	(No symbol) [0x00C282DC]
	(No symbol) [0x00C293DD]
	GetHandleVerifier [0x00FCAABD+2539405]
	GetHandleVerifier [0x0100A78F+2800735]
	GetHandleVerifier [0x0100456C+2775612]
	GetHandleVerifier [0x00DF51E0+616112]
	(No symbol) [0x00D05F8C]
	(No symbol) [0x00D02328]
	(No symbol) [0x00D0240B]
	(No symbol) [0x00CF4FF7]
	BaseThreadInitThunk [0x75967D59+25]
	RtlInitializeExceptionChain [0x7724B74B+107]
	RtlClearBits [0x7724B6CF+191]
</msg>
<msg timestamp="20230615 22:16:54.235" level="FAIL">NoSuchWindowException: Message: no such window: target window already closed
from unknown error: web view not found
  (Session info: chrome=114.0.5735.133)
Stacktrace:
Backtrace:
	GetHandleVerifier [0x00D6A813+48355]
	(No symbol) [0x00CFC4B1]
	(No symbol) [0x00C05358]
	(No symbol) [0x00BED293]
	(No symbol) [0x00C4E37B]
	(No symbol) [0x00C5C473]
	(No symbol) [0x00C4A536]
	(No symbol) [0x00C282DC]
	(No symbol) [0x00C293DD]
	GetHandleVerifier [0x00FCAABD+2539405]
	GetHandleVerifier [0x0100A78F+2800735]
	GetHandleVerifier [0x0100456C+2775612]
	GetHandleVerifier [0x00DF51E0+616112]
	(No symbol) [0x00D05F8C]
	(No symbol) [0x00D02328]
	(No symbol) [0x00D0240B]
	(No symbol) [0x00CF4FF7]
	BaseThreadInitThunk [0x75967D59+25]
	RtlInitializeExceptionChain [0x7724B74B+107]
	RtlClearBits [0x7724B6CF+191]
</msg>
<status status="FAIL" starttime="20230615 22:16:54.187" endtime="20230615 22:16:54.249"/>
</kw>
<status status="FAIL" starttime="20230615 22:16:17.283" endtime="20230615 22:16:54.249"/>
</kw>
<kw name="Close Browser" library="SeleniumLibrary" type="TEARDOWN">
<doc>Closes the current browser.</doc>
<status status="PASS" starttime="20230615 22:16:54.249" endtime="20230615 22:16:56.555"/>
</kw>
<status status="FAIL" starttime="20230615 22:16:17.283" endtime="20230615 22:16:56.556">Setup failed:
NoSuchWindowException: Message: no such window: target window already closed
from unknown error: web view not found
  (Session info: chrome=114.0.5735.133)
Stacktrace:
Backtrace:
	GetHandleVerifier [0x00D6A813+48355]
	(No symbol) [0x00CFC4B1]
	(No symbol) [0x00C05358]
	(No symbol) [0x00BED293]
	(No symbol) [0x00C4E37B]
	(No symbol) [0x00C5C473]
	(No symbol) [0x00C4A536]
	(No symbol) [0x00C282DC]
	(No symbol) [0x00C293DD]
	GetHandleVerifier [0x00FCAABD+2539405]
	GetHandleVerifier [0x0100A78F+2800735]
	GetHandleVerifier [0x0100456C+2775612]
	GetHandleVerifier [0x00DF51E0+616112]
	(No symbol) [0x00D05F8C]
	(No symbol) [0x00D02328]
	(No symbol) [0x00D0240B]
	(No symbol) [0x00CF4FF7]
	BaseThreadInitThunk [0x75967D59+25]
	RtlInitializeExceptionChain [0x7724B74B+107]
	RtlClearBits [0x7724B6CF+191]
</status>
</test>
<status status="FAIL" starttime="20230615 22:14:42.815" endtime="20230615 22:16:56.556"/>
</suite>
<statistics>
<total>
<stat pass="0" fail="3" skip="0">All Tests</stat>
</total>
<tag>
</tag>
<suite>
<stat pass="0" fail="3" skip="0" id="s1" name="Login Test">Login Test</stat>
</suite>
</statistics>
<errors>
<msg timestamp="20230615 22:16:54.193" level="WARN">Keyword 'Capture Page Screenshot' could not be run on failure: Message: no such window: target window already closed
from unknown error: web view not found
  (Session info: chrome=114.0.5735.133)
Stacktrace:
Backtrace:
	GetHandleVerifier [0x00D6A813+48355]
	(No symbol) [0x00CFC4B1]
	(No symbol) [0x00C05358]
	(No symbol) [0x00BED293]
	(No symbol) [0x00C4E37B]
	(No symbol) [0x00C5C473]
	(No symbol) [0x00C4A536]
	(No symbol) [0x00C282DC]
	(No symbol) [0x00C293DD]
	GetHandleVerifier [0x00FCAABD+2539405]
	GetHandleVerifier [0x0100A78F+2800735]
	GetHandleVerifier [0x0100456C+2775612]
	GetHandleVerifier [0x00DF51E0+616112]
	(No symbol) [0x00D05F8C]
	(No symbol) [0x00D02328]
	(No symbol) [0x00D0240B]
	(No symbol) [0x00CF4FF7]
	BaseThreadInitThunk [0x75967D59+25]
	RtlInitializeExceptionChain [0x7724B74B+107]
	RtlClearBits [0x7724B6CF+191]
</msg>
</errors>
</robot>
